# JRE version: OpenJDK Runtime Environment (17.0.7) (build 17.0.7+0-b2043.56-10550314)
# Java VM: OpenJDK 64-Bit Server VM (17.0.7+0-b2043.56-10550314, mixed mode, tiered, compressed oops, compressed class ptrs, g1 gc, windows-amd64)
GC Precious Log:
 CPUs: 8 total, 8 available
 Memory: 16281M
 Large Page Support: Disabled
 NUMA Support: Disabled
 Compressed Oops: Enabled (32-bit)
 Heap Region Size: 1M
 Heap Min Capacity: 8M
 Heap Initial Capacity: 256M
 Heap Max Capacity: 2G
 Pre-touch: Disabled
 Parallel Workers: 8
 Concurrent Workers: 2
 Concurrent Refinement Workers: 8
 Periodic GC: Disabled
Heap:
 garbage-first heap   total 414720K, used 233049K [0x0000000080000000, 0x0000000100000000)
  region size 1024K, 62 young (63488K), 3 survivors (3072K)
 Metaspace       used 148212K, committed 149312K, reserved 1179648K
  class space    used 19791K, committed 20352K, reserved 1048576K
GC Heap History (20 events):
Event: 1162.000 GC heap before
{Heap before GC invocations=55 (full 0):
 garbage-first heap   total 315392K, used 259475K [0x0000000080000000, 0x0000000100000000)
  region size 1024K, 70 young (71680K), 11 survivors (11264K)
 Metaspace       used 140272K, committed 141184K, reserved 1179648K
  class space    used 18675K, committed 19136K, reserved 1048576K
}
Event: 1162.009 GC heap after
{Heap after GC invocations=56 (full 0):
 garbage-first heap   total 315392K, used 202360K [0x0000000080000000, 0x0000000100000000)
  region size 1024K, 3 young (3072K), 3 survivors (3072K)
 Metaspace       used 140272K, committed 141184K, reserved 1179648K
  class space    used 18675K, committed 19136K, reserved 1048576K
}
Event: 1162.570 GC heap before
{Heap before GC invocations=56 (full 0):
 garbage-first heap   total 315392K, used 262776K [0x0000000080000000, 0x0000000100000000)
  region size 1024K, 63 young (64512K), 3 survivors (3072K)
 Metaspace       used 143397K, committed 144320K, reserved 1179648K
  class space    used 19176K, committed 19648K, reserved 1048576K
}
Event: 1162.577 GC heap after
{Heap after GC invocations=57 (full 0):
 garbage-first heap   total 315392K, used 205471K [0x0000000080000000, 0x0000000100000000)
  region size 1024K, 6 young (6144K), 6 survivors (6144K)
 Metaspace       used 143397K, committed 144320K, reserved 1179648K
  class space    used 19176K, committed 19648K, reserved 1048576K
}
Event: 1163.163 GC heap before
{Heap before GC invocations=57 (full 0):
 garbage-first heap   total 315392K, used 265887K [0x0000000080000000, 0x0000000100000000)
  region size 1024K, 65 young (66560K), 6 survivors (6144K)
 Metaspace       used 145105K, committed 146048K, reserved 1179648K
  class space    used 19436K, committed 19904K, reserved 1048576K
}
Event: 1163.171 GC heap after
{Heap after GC invocations=58 (full 0):
 garbage-first heap   total 315392K, used 209517K [0x0000000080000000, 0x0000000100000000)
  region size 1024K, 9 young (9216K), 9 survivors (9216K)
 Metaspace       used 145105K, committed 146048K, reserved 1179648K
  class space    used 19436K, committed 19904K, reserved 1048576K
}
Event: 1163.647 GC heap before
{Heap before GC invocations=58 (full 0):
 garbage-first heap   total 315392K, used 273005K [0x0000000080000000, 0x0000000100000000)
  region size 1024K, 45 young (46080K), 9 survivors (9216K)
 Metaspace       used 146658K, committed 147584K, reserved 1179648K
  class space    used 19645K, committed 20096K, reserved 1048576K
}
Event: 1163.652 GC heap after
{Heap after GC invocations=59 (full 0):
 garbage-first heap   total 315392K, used 218363K [0x0000000080000000, 0x0000000100000000)
  region size 1024K, 2 young (2048K), 2 survivors (2048K)
 Metaspace       used 146658K, committed 147584K, reserved 1179648K
  class space    used 19645K, committed 20096K, reserved 1048576K
}
Event: 1163.669 GC heap before
{Heap before GC invocations=59 (full 0):
 garbage-first heap   total 315392K, used 240891K [0x0000000080000000, 0x0000000100000000)
  region size 1024K, 3 young (3072K), 2 survivors (2048K)
 Metaspace       used 146659K, committed 147584K, reserved 1179648K
  class space    used 19645K, committed 20096K, reserved 1048576K
}
Event: 1163.672 GC heap after
{Heap after GC invocations=60 (full 0):
 garbage-first heap   total 315392K, used 222057K [0x0000000080000000, 0x0000000100000000)
  region size 1024K, 2 young (2048K), 2 survivors (2048K)
 Metaspace       used 146659K, committed 147584K, reserved 1179648K
  class space    used 19645K, committed 20096K, reserved 1048576K
}
Event: 1449.447 GC heap before
{Heap before GC invocations=60 (full 0):
 garbage-first heap   total 315392K, used 272233K [0x0000000080000000, 0x0000000100000000)
  region size 1024K, 50 young (51200K), 2 survivors (2048K)
 Metaspace       used 147139K, committed 148160K, reserved 1179648K
  class space    used 19705K, committed 20224K, reserved 1048576K
}
Event: 1449.451 GC heap after
{Heap after GC invocations=61 (full 0):
 garbage-first heap   total 315392K, used 205902K [0x0000000080000000, 0x0000000100000000)
  region size 1024K, 4 young (4096K), 4 survivors (4096K)
 Metaspace       used 147139K, committed 148160K, reserved 1179648K
  class space    used 19705K, committed 20224K, reserved 1048576K
}
Event: 1450.183 GC heap before
{Heap before GC invocations=61 (full 0):
 garbage-first heap   total 315392K, used 270414K [0x0000000080000000, 0x0000000100000000)
  region size 1024K, 67 young (68608K), 4 survivors (4096K)
 Metaspace       used 147491K, committed 148544K, reserved 1179648K
  class space    used 19718K, committed 20224K, reserved 1048576K
}
Event: 1450.193 GC heap after
{Heap after GC invocations=62 (full 0):
 garbage-first heap   total 315392K, used 213183K [0x0000000080000000, 0x0000000100000000)
  region size 1024K, 9 young (9216K), 9 survivors (9216K)
 Metaspace       used 147491K, committed 148544K, reserved 1179648K
  class space    used 19718K, committed 20224K, reserved 1048576K
}
Event: 1470.410 GC heap before
{Heap before GC invocations=62 (full 0):
 garbage-first heap   total 315392K, used 260287K [0x0000000080000000, 0x0000000100000000)
  region size 1024K, 51 young (52224K), 9 survivors (9216K)
 Metaspace       used 147818K, committed 148864K, reserved 1179648K
  class space    used 19753K, committed 20288K, reserved 1048576K
}
Event: 1470.421 GC heap after
{Heap after GC invocations=63 (full 0):
 garbage-first heap   total 315392K, used 222246K [0x0000000080000000, 0x0000000100000000)
  region size 1024K, 3 young (3072K), 3 survivors (3072K)
 Metaspace       used 147818K, committed 148864K, reserved 1179648K
  class space    used 19753K, committed 20288K, reserved 1048576K
}
Event: 1596.209 GC heap before
{Heap before GC invocations=64 (full 0):
 garbage-first heap   total 414720K, used 284710K [0x0000000080000000, 0x0000000100000000)
  region size 1024K, 42 young (43008K), 3 survivors (3072K)
 Metaspace       used 147849K, committed 148864K, reserved 1179648K
  class space    used 19749K, committed 20288K, reserved 1048576K
}
Event: 1596.216 GC heap after
{Heap after GC invocations=65 (full 0):
 garbage-first heap   total 414720K, used 198064K [0x0000000080000000, 0x0000000100000000)
  region size 1024K, 5 young (5120K), 5 survivors (5120K)
 Metaspace       used 147849K, committed 148864K, reserved 1179648K
  class space    used 19749K, committed 20288K, reserved 1048576K
}
Event: 1596.407 GC heap before
{Heap before GC invocations=65 (full 0):
 garbage-first heap   total 414720K, used 213424K [0x0000000080000000, 0x0000000100000000)
  region size 1024K, 20 young (20480K), 5 survivors (5120K)
 Metaspace       used 147913K, committed 148992K, reserved 1179648K
  class space    used 19753K, committed 20288K, reserved 1048576K
}
Event: 1596.421 GC heap after
{Heap after GC invocations=66 (full 0):
 garbage-first heap   total 414720K, used 174681K [0x0000000080000000, 0x0000000100000000)
  region size 1024K, 3 young (3072K), 3 survivors (3072K)
 Metaspace       used 147913K, committed 148992K, reserved 1179648K
  class space    used 19753K, committed 20288K, reserved 1048576K
}

